<?xml version="1.0" encoding="UTF-8"?>
<!-- Generated by org.testng.reporters.JUnitReportReporter -->
<testsuite hostname="DESKTOP-EG3JDB2" failures="0" tests="2" name="TestNG.VerifySearchButtonOfMainPage" time="29.285" errors="0" timestamp="2023-10-14T18:59:30 IST" skipped="0">
  <testcase classname="TestNG.VerifySearchButtonOfMainPage" name="verifySearchButton" time="4.508"/>
  <testcase classname="TestNG.VerifySearchButtonOfMainPage" name="verifySearchButton" time="24.777"/>
</testsuite> <!-- TestNG.VerifySearchButtonOfMainPage -->
