<?xml version="1.0" encoding="UTF-8"?>
<!-- Generated by org.testng.reporters.JUnitReportReporter -->
<testsuite hostname="DESKTOP-EG3JDB2" failures="0" tests="1" name="TestNG.SearchAJob" time="1.689" errors="0" timestamp="2023-09-18T14:30:56 IST" skipped="0">
  <testcase classname="TestNG.SearchAJob" name="searchAJob" time="1.689"/>
</testsuite> <!-- TestNG.SearchAJob -->
